grpc_server.go:40: {e34103d9-b3bd-411e-a891-77674ecb3bbf: {"level":"info","ts":1678137451.145033,"caller":"c1/producer_handler.go:69","msg":"SendDataServiceConsumer1 func running ..."}
}
grpc_server.go:40: b8f196d8-e060-4e32-abcb-2b065db4805a: {"level":"info","ts":1678137554.3753877,"caller":"c1/producer_handler.go:69","msg":"SendDataServiceConsumer1 func running ..."}
grpc_server.go:37: {"level":"info","ts":1678137607.475894,"caller":"c1/producer_handler.go:69","msg":"SendDataServiceConsumer1 func running ..."}
grpc_server.go:37: {"level":"info","ts":1678138141.0085142,"caller":"c1/producer_handler.go:69","msg":"SendDataServiceConsumer1 func running ..."}
grpc_server.go:37: {"level":"info","ts":1678138304.7962563,"caller":"c1/producer_handler.go:69","msg":"SendDataServiceConsumer1 func running ..."}
grpc_server.go:37: {"level":"info","ts":1678138337.753518,"caller":"c1/producer_handler.go:69","msg":"SendDataServiceConsumer1 func running ..."}
grpc_server.go:40: 5d7137e4-de9b-4b87-bca6-11b445fbe8e0: {"level":"info","ts":1678141654.3636947,"caller":"c1/producer_handler.go:69","msg":"SendDataServiceConsumer1 func running ..."}
grpc_server.go:40: 4d9092da-db9f-439b-bbec-e359c5d6477b: {"level":"info","ts":1678141827.4264417,"caller":"c1/producer_handler.go:69","msg":"SendDataServiceConsumer1 func running ..."}
grpc_server.go:40: f8002535-d4f0-4683-9eef-ccfb197fde01: {"level":"info","ts":1678141827.966919,"caller":"c1/producer_handler.go:69","msg":"SendDataServiceConsumer1 func running ..."}
grpc_server.go:40: 31da9765-4d44-4380-b3bb-157dee9e5dad: {"level":"info","ts":1678141828.1657057,"caller":"c1/producer_handler.go:69","msg":"SendDataServiceConsumer1 func running ..."}
grpc_server.go:40: d6f5fbd8-e85e-4087-9bc5-5ad9519e4b87: {"level":"info","ts":1678141828.3399682,"caller":"c1/producer_handler.go:69","msg":"SendDataServiceConsumer1 func running ..."}
grpc_server.go:40: 4510724b-894d-4a37-b58b-b40ef14ff088: {"level":"info","ts":1678141828.528259,"caller":"c1/producer_handler.go:69","msg":"SendDataServiceConsumer1 func running ..."}
grpc_server.go:40: 38e64438-a223-4dbc-af78-f7e7db33c6d6: {"level":"info","ts":1678141828.7192056,"caller":"c1/producer_handler.go:69","msg":"SendDataServiceConsumer1 func running ..."}
grpc_server.go:40: a015560b-f8fe-468f-b9f9-9799ac9876a8: {"level":"info","ts":1678141828.9098427,"caller":"c1/producer_handler.go:69","msg":"SendDataServiceConsumer1 func running ..."}
grpc_server.go:40: 1c353f3e-22e1-4e32-90c2-18254f51eb7a: {"level":"info","ts":1678141829.081005,"caller":"c1/producer_handler.go:69","msg":"SendDataServiceConsumer1 func running ..."}
grpc_server.go:40: 670ff7f4-399a-4718-9605-9125dae2a39b: {"level":"info","ts":1678141829.2698703,"caller":"c1/producer_handler.go:69","msg":"SendDataServiceConsumer1 func running ..."}
grpc_server.go:40: 47f66aad-cec6-42dc-bf37-a1ad788314d6: {"level":"info","ts":1678141862.3651788,"caller":"c1/producer_handler.go:69","msg":"SendDataServiceConsumer1 func running ..."}
grpc_server.go:40: 966c6690-474f-4f3f-9d77-2a4e450ab05e: {"level":"info","ts":1678141863.2646058,"caller":"c1/producer_handler.go:69","msg":"SendDataServiceConsumer1 func running ..."}
grpc_server.go:40: 51692850-0565-4b8e-8564-2f7100014015: {"level":"info","ts":1678141863.7290895,"caller":"c1/producer_handler.go:69","msg":"SendDataServiceConsumer1 func running ..."}
grpc_server.go:40: f3a1fa46-7504-4dd9-888f-768fffe322c5: {"level":"info","ts":1678141863.9768095,"caller":"c1/producer_handler.go:69","msg":"SendDataServiceConsumer1 func running ..."}
grpc_server.go:40: 8cd0a027-a11d-4bd5-b0f9-30d877c04099: {"level":"info","ts":1678141864.1940138,"caller":"c1/producer_handler.go:69","msg":"SendDataServiceConsumer1 func running ..."}
grpc_server.go:40: 478a32d5-fae2-4d4c-966e-878b3629e8d7: {"level":"info","ts":1678141864.4151225,"caller":"c1/producer_handler.go:69","msg":"SendDataServiceConsumer1 func running ..."}
grpc_server.go:40: 62d21892-dc58-4939-8971-69baef2dae28: {"level":"info","ts":1678141864.620046,"caller":"c1/producer_handler.go:69","msg":"SendDataServiceConsumer1 func running ..."}
grpc_server.go:40: 4535ad83-f040-4690-acff-04dc27f81c69: {"level":"info","ts":1678141864.7949889,"caller":"c1/producer_handler.go:69","msg":"SendDataServiceConsumer1 func running ..."}
grpc_server.go:40: 874d2e37-ebfb-4d6f-b4a6-1371f5a447ca: {"level":"info","ts":1678141865.0012286,"caller":"c1/producer_handler.go:69","msg":"SendDataServiceConsumer1 func running ..."}
grpc_server.go:40: eac9d152-6a27-4838-8cfb-d3a2ac949df4: {"level":"info","ts":1678141865.192698,"caller":"c1/producer_handler.go:69","msg":"SendDataServiceConsumer1 func running ..."}
grpc_server.go:40: ee7c2564-d717-48ad-8a4c-e98239bdf6b7: {"level":"info","ts":1678141865.3700037,"caller":"c1/producer_handler.go:69","msg":"SendDataServiceConsumer1 func running ..."}
grpc_server.go:40: aac8407a-caa0-420b-b9be-aaac7c2bdc6b: {"level":"info","ts":1678141865.5519974,"caller":"c1/producer_handler.go:69","msg":"SendDataServiceConsumer1 func running ..."}
grpc_server.go:40: c3f959b7-5027-4a74-b6d3-bbf8ee04759d: {"level":"info","ts":1678141865.7282012,"caller":"c1/producer_handler.go:69","msg":"SendDataServiceConsumer1 func running ..."}
grpc_server.go:40: 046f8687-f758-4269-8c3a-b77f60961ea2: {"level":"info","ts":1678141865.9345286,"caller":"c1/producer_handler.go:69","msg":"SendDataServiceConsumer1 func running ..."}
message 2023/03/06 22:38:47 grpc_server.go:40: ec07b7d1-8453-47dc-9877-2feccf35029d: {"level":"info","ts":1678142327.6733139,"caller":"c1/producer_handler.go:69","msg":"SendDataServiceConsumer1 func running ..."}
message 2023/03/06 22:38:48 grpc_server.go:40: 52dba2a2-02d1-4acb-88a6-9e360ce32b05: {"level":"info","ts":1678142328.072178,"caller":"c1/producer_handler.go:69","msg":"SendDataServiceConsumer1 func running ..."}
message 2023/03/06 22:38:48 grpc_server.go:40: c785b9b8-e3dc-4822-98af-1802364d8fbb: {"level":"info","ts":1678142328.2608523,"caller":"c1/producer_handler.go:69","msg":"SendDataServiceConsumer1 func running ..."}
message 2023/03/06 22:38:48 grpc_server.go:40: c3733479-0058-4399-83b5-2b22660c72a7: {"level":"info","ts":1678142328.4550061,"caller":"c1/producer_handler.go:69","msg":"SendDataServiceConsumer1 func running ..."}
message 2023/03/06 22:38:48 grpc_server.go:40: 51546462-a85f-4fbe-bfde-53a36210ab9b: {"level":"info","ts":1678142328.6244082,"caller":"c1/producer_handler.go:69","msg":"SendDataServiceConsumer1 func running ..."}
message 2023/03/06 22:38:48 grpc_server.go:40: d4a0f4ed-ad46-4145-b8a2-f10aa9b3a995: {"level":"info","ts":1678142328.8037708,"caller":"c1/producer_handler.go:69","msg":"SendDataServiceConsumer1 func running ..."}
message 2023/03/06 22:38:48 grpc_server.go:40: ebbf9ed4-816c-4365-8a34-8d740c527a1a: {"level":"info","ts":1678142328.993244,"caller":"c1/producer_handler.go:69","msg":"SendDataServiceConsumer1 func running ..."}
message 2023/03/06 22:38:49 grpc_server.go:40: c2a9d8a9-11f2-4df2-a644-dd862078f59d: {"level":"info","ts":1678142329.1733863,"caller":"c1/producer_handler.go:69","msg":"SendDataServiceConsumer1 func running ..."}
message 2023/03/06 22:38:49 grpc_server.go:40: 2ea95b69-3a18-4675-8187-7d7cb33f0339: {"level":"info","ts":1678142329.3606098,"caller":"c1/producer_handler.go:69","msg":"SendDataServiceConsumer1 func running ..."}
message 2023/03/06 22:38:49 grpc_server.go:40: 74b85d41-4061-4952-9884-41e498591fa8: {"level":"info","ts":1678142329.5267463,"caller":"c1/producer_handler.go:69","msg":"SendDataServiceConsumer1 func running ..."}
message 2023/03/06 22:38:49 grpc_server.go:40: 2cf418d1-5b4e-4be6-b5c7-7de241d4a918: {"level":"info","ts":1678142329.7216868,"caller":"c1/producer_handler.go:69","msg":"SendDataServiceConsumer1 func running ..."}
message 2023/03/06 22:38:49 grpc_server.go:40: edb7d83f-a4d2-4893-9154-f325490a5539: {"level":"info","ts":1678142329.9063916,"caller":"c1/producer_handler.go:69","msg":"SendDataServiceConsumer1 func running ..."}
message 2023/03/06 22:38:50 grpc_server.go:40: bec42c3d-be31-47c8-a98b-c3c9a45ac5a9: {"level":"info","ts":1678142330.0768924,"caller":"c1/producer_handler.go:69","msg":"SendDataServiceConsumer1 func running ..."}
message 2023/03/06 22:38:50 grpc_server.go:40: c95aa2aa-6808-44de-916e-e963f45ee8d5: {"level":"info","ts":1678142330.2603257,"caller":"c1/producer_handler.go:69","msg":"SendDataServiceConsumer1 func running ..."}
message 2023/03/06 22:38:50 grpc_server.go:40: 0180ea0a-efa0-4232-9f72-a75142aed7bd: {"level":"info","ts":1678142330.412086,"caller":"c1/producer_handler.go:69","msg":"SendDataServiceConsumer1 func running ..."}
message 2023/03/06 22:38:50 grpc_server.go:40: 5b0b5aaf-9503-4e14-bdec-b869afe798cf: {"level":"info","ts":1678142330.6031713,"caller":"c1/producer_handler.go:69","msg":"SendDataServiceConsumer1 func running ..."}
message 2023/03/06 23:29:37 grpc_server.go:40: a7ac577d-f35c-4bfe-ade9-a198b7f882ef: {"level":"info","ts":1678145377.7762268,"caller":"c1/producer_handler.go:69","msg":"SendDataServiceConsumer1 func running ..."}
message 2023/03/06 23:29:52 grpc_server.go:40: 33a6af42-b211-4d03-ab8e-108cd9103058: {"level":"info","ts":1678145392.1938753,"caller":"c1/producer_handler.go:69","msg":"SendDataServiceConsumer1 func running ..."}
message 2023/03/06 23:30:03 grpc_server.go:40: eed38a94-0b16-4a04-8dfe-06e67559f0bf: {"level":"info","ts":1678145403.7577307,"caller":"c1/producer_handler.go:69","msg":"SendDataServiceConsumer1 func running ..."}
message 2023/03/07 01:06:15 grpc_server.go:40: c3964f72-29e3-4a7e-ae1b-5362bed698ad: {"level":"info","ts":1678151175.9940321,"caller":"c1/producer_handler.go:69","msg":"SendDataServiceConsumer1 func running ..."}
message 2023/03/07 01:06:35 grpc_server.go:40: 08a4bdcb-d72a-49e1-bc51-b08ca5682ee5: {"level":"info","ts":1678151195.993519,"caller":"c1/producer_handler.go:69","msg":"SendDataServiceConsumer1 func running ..."}
message 2023/03/07 01:07:19 grpc_server.go:40: f5b7c178-f956-4414-8b00-1bff5301856c: {"level":"info","ts":1678151239.5780807,"caller":"c1/producer_handler.go:69","msg":"SendDataServiceConsumer1 func running ..."}
message 2023/03/07 01:07:26 grpc_server.go:40: 06e783a8-9742-4bc5-8abd-575360184c38: {"level":"info","ts":1678151246.7994902,"caller":"c1/producer_handler.go:69","msg":"SendDataServiceConsumer1 func running ..."}
message 2023/03/07 01:09:24 grpc_server.go:40: 6096a30e-dc57-4c97-8d1e-bdcf7f826f82: {"level":"info","ts":1678151364.2382479,"caller":"c1/producer_handler.go:69","msg":"SendDataServiceConsumer1 func running ..."}
message 2023/03/07 01:09:44 grpc_server.go:40: 0d6fd81c-6c73-45f0-adbb-f8aa2fb30bb2: {"level":"info","ts":1678151384.117249,"caller":"c1/producer_handler.go:69","msg":"SendDataServiceConsumer1 func running ..."}
message 2023/03/07 01:10:09 grpc_server.go:40: 6d51f9f4-fd5a-4221-b424-0bb665cf2357: {"level":"info","ts":1678151409.723004,"caller":"c1/producer_handler.go:69","msg":"SendDataServiceConsumer1 func running ..."}
message 2023/03/07 01:10:41 grpc_server.go:40: 68a60474-6ba6-4fbb-8f32-7a503d2455da: {"level":"info","ts":1678151441.6222353,"caller":"c1/producer_handler.go:69","msg":"SendDataServiceConsumer1 func running ..."}
message 2023/03/07 01:14:42 grpc_server.go:40: 583b4d6b-8612-4e98-b8c0-7f4dd3bca2ef: {"level":"info","ts":1678151682.9308977,"caller":"c1/producer_handler.go:69","msg":"SendDataServiceConsumer1 func running ..."}
message 2023/03/07 01:14:43 grpc_server.go:40: be156329-14dd-4e3e-93ef-ca040f805edb: {"level":"info","ts":1678151683.8832219,"caller":"c1/producer_handler.go:69","msg":"SendDataServiceConsumer1 func running ..."}
message 2023/03/07 01:14:44 grpc_server.go:40: 4de6b418-78e4-41a8-8881-18a17c712133: {"level":"info","ts":1678151684.8788102,"caller":"c1/producer_handler.go:69","msg":"SendDataServiceConsumer1 func running ..."}
message 2023/03/07 01:14:45 grpc_server.go:40: f3389e4d-cdcf-4352-9e20-d19ca571f408: {"level":"info","ts":1678151685.8813667,"caller":"c1/producer_handler.go:69","msg":"SendDataServiceConsumer1 func running ..."}
message 2023/03/07 01:14:46 grpc_server.go:40: 01a15aaf-45e9-42d3-918a-1dac8d332cd2: {"level":"info","ts":1678151686.8776274,"caller":"c1/producer_handler.go:69","msg":"SendDataServiceConsumer1 func running ..."}
message 2023/03/07 01:14:47 grpc_server.go:40: 73f100c5-0d9e-4b4b-a376-cf5335851be5: {"level":"info","ts":1678151687.8828032,"caller":"c1/producer_handler.go:69","msg":"SendDataServiceConsumer1 func running ..."}
message 2023/03/07 01:14:48 grpc_server.go:40: 7610a167-f326-4536-a0ee-cc00039c6059: {"level":"info","ts":1678151688.8814309,"caller":"c1/producer_handler.go:69","msg":"SendDataServiceConsumer1 func running ..."}
message 2023/03/07 01:14:49 grpc_server.go:40: 09b320ff-a60a-4743-bea3-5f3d72272311: {"level":"info","ts":1678151689.8834186,"caller":"c1/producer_handler.go:69","msg":"SendDataServiceConsumer1 func running ..."}
message 2023/03/07 01:14:50 grpc_server.go:40: 987ebf9b-7f87-490b-a773-ee0ebaf34d41: {"level":"info","ts":1678151690.8764164,"caller":"c1/producer_handler.go:69","msg":"SendDataServiceConsumer1 func running ..."}
message 2023/03/07 01:14:51 grpc_server.go:40: 757ce298-a8d2-4199-96ae-4827e58bbdb1: {"level":"info","ts":1678151691.8766787,"caller":"c1/producer_handler.go:69","msg":"SendDataServiceConsumer1 func running ..."}
message 2023/03/07 01:14:52 grpc_server.go:40: 9a6eccb8-aacc-4d0e-8d3b-9dd67e4af26e: {"level":"info","ts":1678151692.8770065,"caller":"c1/producer_handler.go:69","msg":"SendDataServiceConsumer1 func running ..."}
message 2023/03/07 01:14:53 grpc_server.go:40: 376e05f6-a022-4749-bd49-89ee2b2cd15f: {"level":"info","ts":1678151693.8775113,"caller":"c1/producer_handler.go:69","msg":"SendDataServiceConsumer1 func running ..."}
message 2023/03/07 01:14:54 grpc_server.go:40: 6352df71-d907-493b-8702-1c5edeb562b1: {"level":"info","ts":1678151694.8756855,"caller":"c1/producer_handler.go:69","msg":"SendDataServiceConsumer1 func running ..."}
message 2023/03/07 01:14:55 grpc_server.go:40: cdf93fef-10d7-4e00-9494-453607fea5e2: {"level":"info","ts":1678151695.8783572,"caller":"c1/producer_handler.go:69","msg":"SendDataServiceConsumer1 func running ..."}
message 2023/03/07 01:14:56 grpc_server.go:40: 757c2635-69ec-41f3-b9f3-cb569a2f506b: {"level":"info","ts":1678151696.8769825,"caller":"c1/producer_handler.go:69","msg":"SendDataServiceConsumer1 func running ..."}
message 2023/03/07 01:14:57 grpc_server.go:40: 0515be0f-329f-4545-b7a1-4fc5a9297822: {"level":"info","ts":1678151697.8820083,"caller":"c1/producer_handler.go:69","msg":"SendDataServiceConsumer1 func running ..."}
message 2023/03/07 01:14:58 grpc_server.go:40: 08f048f7-4ea8-4db9-9438-088a6a3ad1a4: {"level":"info","ts":1678151698.890776,"caller":"c1/producer_handler.go:69","msg":"SendDataServiceConsumer1 func running ..."}
message 2023/03/07 01:14:59 grpc_server.go:40: 18addc9d-7729-4d4a-bd8e-b4cfdca59e14: {"level":"info","ts":1678151699.8794286,"caller":"c1/producer_handler.go:69","msg":"SendDataServiceConsumer1 func running ..."}
message 2023/03/07 01:15:00 grpc_server.go:40: 835a8b61-77d1-486a-a307-64c68218e775: {"level":"info","ts":1678151700.882115,"caller":"c1/producer_handler.go:69","msg":"SendDataServiceConsumer1 func running ..."}
message 2023/03/07 01:15:01 grpc_server.go:40: 3cfb4890-b042-42e2-b81f-affb48011de4: {"level":"info","ts":1678151701.8816278,"caller":"c1/producer_handler.go:69","msg":"SendDataServiceConsumer1 func running ..."}
message 2023/03/07 01:15:02 grpc_server.go:40: 233c4ded-72ba-4335-84f0-3a1e5ffb4978: {"level":"info","ts":1678151702.877522,"caller":"c1/producer_handler.go:69","msg":"SendDataServiceConsumer1 func running ..."}
message 2023/03/07 01:15:03 grpc_server.go:40: c50f9079-8b23-45d5-8dc3-868b3cb5a6ea: {"level":"info","ts":1678151703.8771524,"caller":"c1/producer_handler.go:69","msg":"SendDataServiceConsumer1 func running ..."}
message 2023/03/07 01:15:04 grpc_server.go:40: 5f7116fa-6c92-4045-97a0-bc9ea3dd9940: {"level":"info","ts":1678151704.8807387,"caller":"c1/producer_handler.go:69","msg":"SendDataServiceConsumer1 func running ..."}
message 2023/03/07 01:15:05 grpc_server.go:40: a0b38ae2-e1c0-495f-b6f0-5842f38730da: {"level":"info","ts":1678151705.877645,"caller":"c1/producer_handler.go:69","msg":"SendDataServiceConsumer1 func running ..."}
message 2023/03/07 01:15:38 grpc_server.go:40: f35d7fb8-5f8c-4255-89ff-10f00a983041: {"level":"info","ts":1678151738.09391,"caller":"c1/producer_handler.go:69","msg":"SendDataServiceConsumer1 func running ..."}
message 2023/03/07 01:15:39 grpc_server.go:40: f966c21e-26a7-4fa2-b610-cb7296d7ebe0: {"level":"info","ts":1678151739.0407276,"caller":"c1/producer_handler.go:69","msg":"SendDataServiceConsumer1 func running ..."}
message 2023/03/07 01:15:40 grpc_server.go:40: 1d0b2430-3671-4f7f-abc3-e897eb3041b5: {"level":"info","ts":1678151740.044841,"caller":"c1/producer_handler.go:69","msg":"SendDataServiceConsumer1 func running ..."}
message 2023/03/07 01:15:41 grpc_server.go:40: 62bc1650-2a61-4a9c-93de-b6800d883daa: {"level":"info","ts":1678151741.045578,"caller":"c1/producer_handler.go:69","msg":"SendDataServiceConsumer1 func running ..."}
message 2023/03/07 01:15:42 grpc_server.go:40: a303d513-361b-43b7-904e-bb777d050e52: {"level":"info","ts":1678151742.0448143,"caller":"c1/producer_handler.go:69","msg":"SendDataServiceConsumer1 func running ..."}
message 2023/03/07 01:15:43 grpc_server.go:40: a492a514-fce4-4680-bbff-2e2a1c1edb00: {"level":"info","ts":1678151743.042527,"caller":"c1/producer_handler.go:69","msg":"SendDataServiceConsumer1 func running ..."}
message 2023/03/07 01:15:44 grpc_server.go:40: d3db7547-0c87-443a-9715-f01171af8a0f: {"level":"info","ts":1678151744.0414157,"caller":"c1/producer_handler.go:69","msg":"SendDataServiceConsumer1 func running ..."}
message 2023/03/07 01:15:45 grpc_server.go:40: 4c78da85-088d-49d9-a865-fdf8da4ccd89: {"level":"info","ts":1678151745.0395355,"caller":"c1/producer_handler.go:69","msg":"SendDataServiceConsumer1 func running ..."}
message 2023/03/07 01:15:46 grpc_server.go:40: d1f75170-9db6-4b65-9ce8-b635757b5462: {"level":"info","ts":1678151746.0444124,"caller":"c1/producer_handler.go:69","msg":"SendDataServiceConsumer1 func running ..."}
message 2023/03/07 01:15:47 grpc_server.go:40: d22b4909-16ca-45b6-8b84-0102b4c59245: {"level":"info","ts":1678151747.0407763,"caller":"c1/producer_handler.go:69","msg":"SendDataServiceConsumer1 func running ..."}
message 2023/03/07 01:15:48 grpc_server.go:40: 7ef7ab42-7e08-4dc3-9105-81ac7b1ead93: {"level":"info","ts":1678151748.0409636,"caller":"c1/producer_handler.go:69","msg":"SendDataServiceConsumer1 func running ..."}
message 2023/03/07 01:16:22 grpc_server.go:40: cccdd945-c63d-4ecc-99cb-2ae4c5dff986: {"level":"info","ts":1678151782.1990657,"caller":"c1/producer_handler.go:69","msg":"SendDataServiceConsumer1 func running ..."}
message 2023/03/07 01:16:23 grpc_server.go:40: 01c1edd4-77b4-4cdd-8de0-c503a5eaf0fc: {"level":"info","ts":1678151783.164104,"caller":"c1/producer_handler.go:69","msg":"SendDataServiceConsumer1 func running ..."}
message 2023/03/07 01:16:24 grpc_server.go:40: db344a86-036b-4a20-be3a-5721ab469fb1: {"level":"info","ts":1678151784.1596026,"caller":"c1/producer_handler.go:69","msg":"SendDataServiceConsumer1 func running ..."}
message 2023/03/07 01:16:25 grpc_server.go:40: 26d4d266-2056-4ffc-8387-2abed344e4a1: {"level":"info","ts":1678151785.1525254,"caller":"c1/producer_handler.go:69","msg":"SendDataServiceConsumer1 func running ..."}
message 2023/03/07 01:17:23 grpc_server.go:40: 91e247dc-0376-49a8-b9ce-dce233ceb501: {"level":"info","ts":1678151843.4687686,"caller":"c1/producer_handler.go:69","msg":"SendDataServiceConsumer1 func running ..."}
message 2023/03/07 01:17:28 grpc_server.go:40: 1d999486-d91c-4ca5-87b1-6960ea2d24a7: {"level":"info","ts":1678151848.4345565,"caller":"c1/producer_handler.go:69","msg":"SendDataServiceConsumer1 func running ..."}
message 2023/03/07 01:17:33 grpc_server.go:40: 1da20242-e46b-4159-92d8-8bcbf6f5dbb1: {"level":"info","ts":1678151853.4633162,"caller":"c1/producer_handler.go:69","msg":"SendDataServiceConsumer1 func running ..."}
message 2023/03/07 01:17:51 grpc_server.go:40: 4f00b951-504a-42f2-be98-609e436968a9: {"level":"info","ts":1678151871.7740428,"caller":"c1/producer_handler.go:69","msg":"SendDataServiceConsumer1 func running ..."}
message 2023/03/07 01:17:56 grpc_server.go:40: 097e88d2-b5b7-4fe6-a45d-64f70d75d0f2: {"level":"info","ts":1678151876.7435484,"caller":"c1/producer_handler.go:69","msg":"SendDataServiceConsumer1 func running ..."}
message 2023/03/07 01:18:01 grpc_server.go:40: 6dfa46af-39fe-4a11-924f-84fb018f809b: {"level":"info","ts":1678151881.725125,"caller":"c1/producer_handler.go:69","msg":"SendDataServiceConsumer1 func running ..."}
message 2023/03/07 01:18:06 grpc_server.go:40: 5f0c523e-1f54-4b63-a196-937be04947f2: {"level":"info","ts":1678151886.7200928,"caller":"c1/producer_handler.go:69","msg":"SendDataServiceConsumer1 func running ..."}
